Start Chatbot at 3002
(node:11966) UnhandledPromiseRejectionWarning: Error: ER_BAD_DB_ERROR: Unknown database 'Messages'
    at Handshake.Sequence._packetToError (/home/ubuntu/SimpleChatBot/Server/node_modules/mysql/lib/protocol/sequences/Sequence.js:47:14)
    at Handshake.ErrorPacket (/home/ubuntu/SimpleChatBot/Server/node_modules/mysql/lib/protocol/sequences/Handshake.js:123:18)
    at Protocol._parsePacket (/home/ubuntu/SimpleChatBot/Server/node_modules/mysql/lib/protocol/Protocol.js:291:23)
    at Parser._parsePacket (/home/ubuntu/SimpleChatBot/Server/node_modules/mysql/lib/protocol/Parser.js:433:10)
    at Parser.write (/home/ubuntu/SimpleChatBot/Server/node_modules/mysql/lib/protocol/Parser.js:43:10)
    at Protocol.write (/home/ubuntu/SimpleChatBot/Server/node_modules/mysql/lib/protocol/Protocol.js:38:16)
    at Socket.<anonymous> (/home/ubuntu/SimpleChatBot/Server/node_modules/mysql/lib/Connection.js:91:28)
    at Socket.<anonymous> (/home/ubuntu/SimpleChatBot/Server/node_modules/mysql/lib/Connection.js:525:10)
    at emitOne (events.js:116:13)
    at Socket.emit (events.js:211:7)
    --------------------
    at Protocol._enqueue (/home/ubuntu/SimpleChatBot/Server/node_modules/mysql/lib/protocol/Protocol.js:144:48)
    at Protocol.handshake (/home/ubuntu/SimpleChatBot/Server/node_modules/mysql/lib/protocol/Protocol.js:51:23)
    at Connection.connect (/home/ubuntu/SimpleChatBot/Server/node_modules/mysql/lib/Connection.js:119:18)
    at Connection._implyConnect (/home/ubuntu/SimpleChatBot/Server/node_modules/mysql/lib/Connection.js:457:10)
    at Connection.query (/home/ubuntu/SimpleChatBot/Server/node_modules/mysql/lib/Connection.js:199:8)
    at GetResponse.Promise (/home/ubuntu/SimpleChatBot/Server/sql/sql.js:34:20)
    at new Promise (<anonymous>)
    at Object.GetResponse (/home/ubuntu/SimpleChatBot/Server/sql/sql.js:33:13)
    at ChatRouter.post (/home/ubuntu/SimpleChatBot/Server/router/ChatRouter.js:19:13)
    at Layer.handle [as handle_request] (/home/ubuntu/SimpleChatBot/Server/node_modules/express/lib/router/layer.js:95:5)
(node:11966) UnhandledPromiseRejectionWarning: Unhandled promise rejection. This error originated either by throwing inside of an async function without a catch block, or by rejecting a promise which was not handled with .catch(). (rejection id: 1)
(node:11966) [DEP0018] DeprecationWarning: Unhandled promise rejections are deprecated. In the future, promise rejections that are not handled will terminate the Node.js process with a non-zero exit code.
/home/ubuntu/SimpleChatBot/Server/sql/sql.js:15
            throw error;
            ^

Error: Cannot enqueue Query after fatal error.
    at Protocol._validateEnqueue (/home/ubuntu/SimpleChatBot/Server/node_modules/mysql/lib/protocol/Protocol.js:212:16)
    at Protocol._enqueue (/home/ubuntu/SimpleChatBot/Server/node_modules/mysql/lib/protocol/Protocol.js:138:13)
    at Connection.query (/home/ubuntu/SimpleChatBot/Server/node_modules/mysql/lib/Connection.js:201:25)
    at Timeout.setInterval [as _onTimeout] (/home/ubuntu/SimpleChatBot/Server/sql/sql.js:13:16)
    at ontimeout (timers.js:482:11)
    at tryOnTimeout (timers.js:317:5)
    at Timer.listOnTimeout (timers.js:277:5)
Start Chatbot at 3002
